<?xml version="1.0" encoding="UTF-8"?>
<testng-results skipped="0" failed="1" ignored="0" total="3" passed="2">
  <reporter-output>
  </reporter-output>
  <suite name="Default suite" duration-ms="43908" started-at="2018-04-21T17:12:08Z" finished-at="2018-04-21T17:12:51Z">
    <groups>
    </groups>
    <test name="Defaulttest1" duration-ms="43908" started-at="2018-04-21T17:12:08Z" finished-at="2018-04-21T17:12:51Z">
      <class name="Tests.HomeTest">
        <test-method status="PASS" signature="ConnectToDeviceOrBrowser(java.lang.String)[pri:0, instance:Tests.HomeTest@87761d]" name="ConnectToDeviceOrBrowser" is-config="true" duration-ms="30860" started-at="2018-04-21T17:12:08Z" finished-at="2018-04-21T17:12:39Z">
          <params>
            <param index="0">
              <value>
                <![CDATA[FireFox]]>
              </value>
            </param>
          </params>
          <reporter-output>
          </reporter-output>
        </test-method> <!-- ConnectToDeviceOrBrowser -->
        <test-method status="PASS" signature="Login()[pri:0, instance:Tests.HomeTest@87761d]" name="Login" duration-ms="12142" started-at="2018-04-21T17:12:39Z" finished-at="2018-04-21T17:12:51Z">
          <reporter-output>
          </reporter-output>
        </test-method> <!-- Login -->
        <test-method status="PASS" signature="ValueCheking()[pri:1, instance:Tests.HomeTest@87761d]" name="ValueCheking" duration-ms="64" started-at="2018-04-21T17:12:51Z" depends-on-methods="Tests.HomeTest.Login" finished-at="2018-04-21T17:12:51Z">
          <reporter-output>
          </reporter-output>
        </test-method> <!-- ValueCheking -->
        <test-method status="FAIL" signature="Marketplace()[pri:2, instance:Tests.HomeTest@87761d]" name="Marketplace" duration-ms="250" started-at="2018-04-21T17:12:51Z" finished-at="2018-04-21T17:12:51Z">
          <exception class="org.openqa.selenium.ElementClickInterceptedException">
            <message>
              <![CDATA[Element <li id="navItem_100001512986070" class="clearfix sideNavItem stat_elem"> is not clickable at point (153,69.5) because another element <div class="_3ixn"> obscures it
Build info: version: '3.11.0', revision: 'e59cfb3', time: '2018-03-11T20:26:55.152Z'
System info: host: 'SREEKANTH-PC', ip: '192.168.42.192', os.name: 'Windows 7', os.arch: 'x86', os.version: '6.1', java.version: '1.8.0_151'
Driver info: org.openqa.selenium.firefox.FirefoxDriver
Capabilities {acceptInsecureCerts: true, browserName: firefox, browserVersion: 60.0, javascriptEnabled: true, moz:accessibilityChecks: false, moz:headless: false, moz:processID: 9960, moz:profile: C:\Users\sreekanth\AppData\..., moz:useNonSpecCompliantPointerOrigin: false, moz:webdriverClick: true, pageLoadStrategy: normal, platform: XP, platformName: XP, platformVersion: 6.1, rotatable: false, timeouts: {implicit: 0, pageLoad: 300000, script: 30000}}
Session ID: fa1808ea-730b-42fb-815d-3a83293eb26b]]>
            </message>
            <full-stacktrace>
              <![CDATA[org.openqa.selenium.ElementClickInterceptedException: Element <li id="navItem_100001512986070" class="clearfix sideNavItem stat_elem"> is not clickable at point (153,69.5) because another element <div class="_3ixn"> obscures it
Build info: version: '3.11.0', revision: 'e59cfb3', time: '2018-03-11T20:26:55.152Z'
System info: host: 'SREEKANTH-PC', ip: '192.168.42.192', os.name: 'Windows 7', os.arch: 'x86', os.version: '6.1', java.version: '1.8.0_151'
Driver info: org.openqa.selenium.firefox.FirefoxDriver
Capabilities {acceptInsecureCerts: true, browserName: firefox, browserVersion: 60.0, javascriptEnabled: true, moz:accessibilityChecks: false, moz:headless: false, moz:processID: 9960, moz:profile: C:\Users\sreekanth\AppData\..., moz:useNonSpecCompliantPointerOrigin: false, moz:webdriverClick: true, pageLoadStrategy: normal, platform: XP, platformName: XP, platformVersion: 6.1, rotatable: false, timeouts: {implicit: 0, pageLoad: 300000, script: 30000}}
Session ID: fa1808ea-730b-42fb-815d-3a83293eb26b
at sun.reflect.NativeConstructorAccessorImpl.newInstance0(Native Method)
at sun.reflect.NativeConstructorAccessorImpl.newInstance(NativeConstructorAccessorImpl.java:62)
at sun.reflect.DelegatingConstructorAccessorImpl.newInstance(DelegatingConstructorAccessorImpl.java:45)
at java.lang.reflect.Constructor.newInstance(Constructor.java:423)
at org.openqa.selenium.remote.http.W3CHttpResponseCodec.createException(W3CHttpResponseCodec.java:187)
at org.openqa.selenium.remote.http.W3CHttpResponseCodec.decode(W3CHttpResponseCodec.java:122)
at org.openqa.selenium.remote.http.W3CHttpResponseCodec.decode(W3CHttpResponseCodec.java:49)
at org.openqa.selenium.remote.HttpCommandExecutor.execute(HttpCommandExecutor.java:158)
at org.openqa.selenium.remote.service.DriverCommandExecutor.execute(DriverCommandExecutor.java:83)
at org.openqa.selenium.remote.RemoteWebDriver.execute(RemoteWebDriver.java:545)
at org.openqa.selenium.remote.RemoteWebElement.execute(RemoteWebElement.java:279)
at org.openqa.selenium.remote.RemoteWebElement.click(RemoteWebElement.java:83)
at Page.EntryPage.NameClick(EntryPage.java:45)
at Tests.HomeTest.Marketplace(HomeTest.java:36)
at sun.reflect.NativeMethodAccessorImpl.invoke0(Native Method)
at sun.reflect.NativeMethodAccessorImpl.invoke(NativeMethodAccessorImpl.java:62)
at sun.reflect.DelegatingMethodAccessorImpl.invoke(DelegatingMethodAccessorImpl.java:43)
at java.lang.reflect.Method.invoke(Method.java:498)
at org.testng.internal.MethodInvocationHelper.invokeMethod(MethodInvocationHelper.java:124)
at org.testng.internal.Invoker.invokeMethod(Invoker.java:580)
at org.testng.internal.Invoker.invokeTestMethod(Invoker.java:716)
at org.testng.internal.Invoker.invokeTestMethods(Invoker.java:988)
at org.testng.internal.TestMethodWorker.invokeTestMethods(TestMethodWorker.java:125)
at org.testng.internal.TestMethodWorker.run(TestMethodWorker.java:109)
at java.util.concurrent.ThreadPoolExecutor.runWorker(ThreadPoolExecutor.java:1149)
at java.util.concurrent.ThreadPoolExecutor$Worker.run(ThreadPoolExecutor.java:624)
at java.lang.Thread.run(Thread.java:748)
]]>
            </full-stacktrace>
          </exception> <!-- org.openqa.selenium.ElementClickInterceptedException -->
          <reporter-output>
          </reporter-output>
        </test-method> <!-- Marketplace -->
      </class> <!-- Tests.HomeTest -->
    </test> <!-- Defaulttest1 -->
  </suite> <!-- Default suite -->
</testng-results>
